0 info it worked if it ends with ok
1 verbose cli [ '/usr/local/bin/node', '/usr/local/bin/npm', 'start' ]
2 info using npm@2.1.6
3 info using node@v0.11.15
4 verbose run-script [ 'prestart', 'start', 'poststart' ]
5 info prestart new_screencast_server@1.0.0
6 info start new_screencast_server@1.0.0
7 verbose unsafe-perm in lifecycle true
8 info new_screencast_server@1.0.0 Failed to exec start script
9 verbose stack Error: new_screencast_server@1.0.0 start: `NODE_PATH=. ./node_modules/.bin/babel-node ./server.js`
9 verbose stack Exit status 1
9 verbose stack     at ChildProcess.<anonymous> (/usr/local/lib/node_modules/npm/lib/utils/lifecycle.js:212:16)
9 verbose stack     at ChildProcess.emit (events.js:110:17)
9 verbose stack     at maybeClose (child_process.js:1008:16)
9 verbose stack     at Process.ChildProcess._handle.onexit (child_process.js:1080:5)
10 verbose pkgid new_screencast_server@1.0.0
11 verbose cwd /home/bat/node_projects/new_screencast_server
12 error Linux 3.13.0-43-generic
13 error argv "/usr/local/bin/node" "/usr/local/bin/npm" "start"
14 error node v0.11.15
15 error npm  v2.1.6
16 error code ELIFECYCLE
17 error new_screencast_server@1.0.0 start: `NODE_PATH=. ./node_modules/.bin/babel-node ./server.js`
17 error Exit status 1
18 error Failed at the new_screencast_server@1.0.0 start script.
18 error This is most likely a problem with the new_screencast_server package,
18 error not with npm itself.
18 error Tell the author that this fails on your system:
18 error     NODE_PATH=. ./node_modules/.bin/babel-node ./server.js
18 error You can get their info via:
18 error     npm owner ls new_screencast_server
18 error There is likely additional logging output above.
19 verbose exit [ 1, true ]
